<?xml version="1.0" encoding="UTF-8"?>
<!-- Generated by org.testng.reporters.JUnitXMLReporter -->
<testsuite hostname="RamBabu-PC" ignored="0" name="Default test" tests="2" failures="0" timestamp="2022-05-06T16:45:43 IST" time="0.15" errors="0">
  <testcase name="@BeforeSuite setup" time="0.118" classname="com.qa.linkedin.base.TestBase">
    <failure type="java.lang.NullPointerException">
      <![CDATA[java.lang.NullPointerException
at com.qa.linkedin.base.TestBase.setup(TestBase.java:67)
at sun.reflect.NativeMethodAccessorImpl.invoke0(Native Method)
at sun.reflect.NativeMethodAccessorImpl.invoke(Unknown Source)
at sun.reflect.DelegatingMethodAccessorImpl.invoke(Unknown Source)
at java.lang.reflect.Method.invoke(Unknown Source)
at org.testng.internal.invokers.MethodInvocationHelper.invokeMethod(MethodInvocationHelper.java:135)
at org.testng.internal.invokers.MethodInvocationHelper.invokeMethodConsideringTimeout(MethodInvocationHelper.java:65)
at org.testng.internal.invokers.ConfigInvoker.invokeConfigurationMethod(ConfigInvoker.java:381)
at org.testng.internal.invokers.ConfigInvoker.invokeConfigurations(ConfigInvoker.java:319)
at org.testng.SuiteRunner.privateRun(SuiteRunner.java:368)
at org.testng.SuiteRunner.run(SuiteRunner.java:326)
at org.testng.SuiteRunnerWorker.runSuite(SuiteRunnerWorker.java:52)
at org.testng.SuiteRunnerWorker.run(SuiteRunnerWorker.java:95)
at org.testng.TestNG.runSuitesSequentially(TestNG.java:1249)
at org.testng.TestNG.runSuitesLocally(TestNG.java:1169)
at org.testng.TestNG.runSuites(TestNG.java:1092)
at org.testng.TestNG.run(TestNG.java:1060)
at org.testng.remote.AbstractRemoteTestNG.run(AbstractRemoteTestNG.java:115)
at org.testng.remote.RemoteTestNG.initAndRun(RemoteTestNG.java:251)
at org.testng.remote.RemoteTestNG.main(RemoteTestNG.java:77)
]]>
    </failure>
  </testcase> <!-- @BeforeSuite setup -->
  <testcase name="@BeforeClass initializeObjects" time="0.0" classname="com.qa.linkedin.testcases.SearchDatadrivenTest">
    <skipped/>
  </testcase> <!-- @BeforeClass initializeObjects -->
  <testcase name="@AfterMethod tearDown" time="0.0" classname="com.qa.linkedin.base.TestBase">
    <skipped/>
  </testcase> <!-- @AfterMethod tearDown -->
  <testcase name="@AfterClass afterClass" time="0.0" classname="com.qa.linkedin.testcases.SearchDatadrivenTest">
    <skipped/>
  </testcase> <!-- @AfterClass afterClass -->
  <testcase name="doLoginTest" time="0.0" classname="com.qa.linkedin.testcases.SearchDatadrivenTest">
    <skipped/>
  </testcase> <!-- doLoginTest -->
  <testcase name="doSearchTest" time="0.0" classname="com.qa.linkedin.testcases.SearchDatadrivenTest">
    <skipped/>
  </testcase> <!-- doSearchTest -->
</testsuite> <!-- Default test -->
